0 info it worked if it ends with ok
1 verbose cli [ '/usr/bin/node',
1 verbose cli   '/usr/bin/npm',
1 verbose cli   'install',
1 verbose cli   '--save-dev',
1 verbose cli   'webpack',
1 verbose cli   'webpack-cli' ]
2 info using npm@3.5.2
3 info using node@v8.10.0
4 silly loadCurrentTree Starting
5 silly install loadCurrentTree
6 silly install readLocalPackageData
7 silly fetchPackageMetaData webpack
8 silly fetchPackageMetaData webpack-cli
9 silly fetchNamedPackageData webpack
10 silly mapToRegistry name webpack
11 silly mapToRegistry using default registry
12 silly mapToRegistry registry https://registry.npmjs.org/
13 silly mapToRegistry uri https://registry.npmjs.org/webpack
14 silly fetchNamedPackageData webpack-cli
15 silly mapToRegistry name webpack-cli
16 silly mapToRegistry using default registry
17 silly mapToRegistry registry https://registry.npmjs.org/
18 silly mapToRegistry uri https://registry.npmjs.org/webpack-cli
19 verbose request uri https://registry.npmjs.org/webpack-cli
20 verbose request no auth needed
21 info attempt registry request try #1 at 6:47:09 AM
22 verbose request id d22366b4ea325078
23 verbose etag W/"1afeb3399b089b1e30ac2c881bd729f0"
24 verbose lastModified Fri, 12 Jul 2024 22:21:30 GMT
25 http request GET https://registry.npmjs.org/webpack-cli
26 verbose request uri https://registry.npmjs.org/webpack
27 verbose request no auth needed
28 info attempt registry request try #1 at 6:47:10 AM
29 verbose etag W/"e52c64c47f2c07b0c449c43bfa237bf9"
30 verbose lastModified Fri, 12 Jul 2024 22:21:22 GMT
31 http request GET https://registry.npmjs.org/webpack
32 http 304 https://registry.npmjs.org/webpack
33 verbose headers { date: 'Tue, 23 Jul 2024 06:47:11 GMT',
33 verbose headers   connection: 'keep-alive',
33 verbose headers   'cf-ray': '8a79b7b88a318015-IAD',
33 verbose headers   'cf-cache-status': 'HIT',
33 verbose headers   'access-control-allow-origin': '*',
33 verbose headers   age: '120',
33 verbose headers   'cache-control': 'public, max-age=300',
33 verbose headers   etag: '"e52c64c47f2c07b0c449c43bfa237bf9"',
33 verbose headers   'last-modified': 'Fri, 12 Jul 2024 22:21:22 GMT',
33 verbose headers   vary: 'Accept-Encoding',
33 verbose headers   server: 'cloudflare' }
34 silly get cb [ 304,
34 silly get   { date: 'Tue, 23 Jul 2024 06:47:11 GMT',
34 silly get     connection: 'keep-alive',
34 silly get     'cf-ray': '8a79b7b88a318015-IAD',
34 silly get     'cf-cache-status': 'HIT',
34 silly get     'access-control-allow-origin': '*',
34 silly get     age: '120',
34 silly get     'cache-control': 'public, max-age=300',
34 silly get     etag: '"e52c64c47f2c07b0c449c43bfa237bf9"',
34 silly get     'last-modified': 'Fri, 12 Jul 2024 22:21:22 GMT',
34 silly get     vary: 'Accept-Encoding',
34 silly get     server: 'cloudflare' } ]
35 verbose etag https://registry.npmjs.org/webpack from cache
36 verbose get saving webpack to /root/.npm/registry.npmjs.org/webpack/.cache.json
37 http 304 https://registry.npmjs.org/webpack-cli
38 verbose headers { date: 'Tue, 23 Jul 2024 06:47:11 GMT',
38 verbose headers   connection: 'keep-alive',
38 verbose headers   'cf-ray': '8a79b7b88c112425-IAD',
38 verbose headers   'cf-cache-status': 'HIT',
38 verbose headers   'access-control-allow-origin': '*',
38 verbose headers   age: '255',
38 verbose headers   'cache-control': 'public, max-age=300',
38 verbose headers   etag: '"1afeb3399b089b1e30ac2c881bd729f0"',
38 verbose headers   'last-modified': 'Fri, 12 Jul 2024 22:21:30 GMT',
38 verbose headers   vary: 'Accept-Encoding',
38 verbose headers   server: 'cloudflare' }
39 silly get cb [ 304,
39 silly get   { date: 'Tue, 23 Jul 2024 06:47:11 GMT',
39 silly get     connection: 'keep-alive',
39 silly get     'cf-ray': '8a79b7b88c112425-IAD',
39 silly get     'cf-cache-status': 'HIT',
39 silly get     'access-control-allow-origin': '*',
39 silly get     age: '255',
39 silly get     'cache-control': 'public, max-age=300',
39 silly get     etag: '"1afeb3399b089b1e30ac2c881bd729f0"',
39 silly get     'last-modified': 'Fri, 12 Jul 2024 22:21:30 GMT',
39 silly get     vary: 'Accept-Encoding',
39 silly get     server: 'cloudflare' } ]
40 verbose etag https://registry.npmjs.org/webpack-cli from cache
41 verbose get saving webpack-cli to /root/.npm/registry.npmjs.org/webpack-cli/.cache.json
42 silly install normalizeTree
43 silly loadCurrentTree Finishing
44 silly loadIdealTree Starting
45 silly install loadIdealTree
46 silly cloneCurrentTree Starting
47 silly install cloneCurrentTreeToIdealTree
48 silly cloneCurrentTree Finishing
49 silly loadShrinkwrap Starting
50 silly install loadShrinkwrap
51 silly loadShrinkwrap Finishing
52 silly loadAllDepsIntoIdealTree Starting
53 silly install loadAllDepsIntoIdealTree
54 silly resolveWithNewModule webpack-cli@5.1.4 checking installable status
55 silly cache add args [ 'webpack-cli', null ]
56 verbose cache add spec webpack-cli
57 silly resolveWithNewModule webpack@5.93.0 checking installable status
58 silly cache add args [ 'webpack', null ]
59 verbose cache add spec webpack
60 silly cache add parsed spec Result {
60 silly cache add   raw: 'webpack-cli',
60 silly cache add   scope: null,
60 silly cache add   name: 'webpack-cli',
60 silly cache add   rawSpec: '',
60 silly cache add   spec: 'latest',
60 silly cache add   type: 'tag' }
61 silly addNamed webpack-cli@latest
62 verbose addNamed "latest" is being treated as a dist-tag for webpack-cli
63 info addNameTag [ 'webpack-cli', 'latest' ]
64 silly mapToRegistry name webpack-cli
65 silly mapToRegistry using default registry
66 silly mapToRegistry registry https://registry.npmjs.org/
67 silly mapToRegistry uri https://registry.npmjs.org/webpack-cli
68 verbose addNameTag registry:https://registry.npmjs.org/webpack-cli not in flight; fetching
69 silly cache add parsed spec Result {
69 silly cache add   raw: 'webpack',
69 silly cache add   scope: null,
69 silly cache add   name: 'webpack',
69 silly cache add   rawSpec: '',
69 silly cache add   spec: 'latest',
69 silly cache add   type: 'tag' }
70 silly addNamed webpack@latest
71 verbose addNamed "latest" is being treated as a dist-tag for webpack
72 info addNameTag [ 'webpack', 'latest' ]
73 silly mapToRegistry name webpack
74 silly mapToRegistry using default registry
75 silly mapToRegistry registry https://registry.npmjs.org/
76 silly mapToRegistry uri https://registry.npmjs.org/webpack
77 verbose addNameTag registry:https://registry.npmjs.org/webpack not in flight; fetching
78 verbose get https://registry.npmjs.org/webpack-cli not expired, no request
79 silly addNameTag next cb for webpack-cli with tag latest
80 silly addNamed webpack-cli@5.1.4
81 verbose addNamed "5.1.4" is a plain semver version for webpack-cli
82 verbose get https://registry.npmjs.org/webpack not expired, no request
83 silly addNameTag next cb for webpack with tag latest
84 silly addNamed webpack@5.93.0
85 verbose addNamed "5.93.0" is a plain semver version for webpack
86 silly cache afterAdd webpack-cli@5.1.4
87 verbose afterAdd /root/.npm/webpack-cli/5.1.4/package/package.json not in flight; writing
88 silly cache afterAdd webpack@5.93.0
89 verbose afterAdd /root/.npm/webpack/5.93.0/package/package.json not in flight; writing
90 verbose afterAdd /root/.npm/webpack-cli/5.1.4/package/package.json written
91 verbose afterAdd /root/.npm/webpack/5.93.0/package/package.json written
92 silly fetchNamedPackageData acorn
93 silly mapToRegistry name acorn
94 silly mapToRegistry using default registry
95 silly mapToRegistry registry https://registry.npmjs.org/
96 silly mapToRegistry uri https://registry.npmjs.org/acorn
97 silly fetchNamedPackageData events
98 silly mapToRegistry name events
99 silly mapToRegistry using default registry
100 silly mapToRegistry registry https://registry.npmjs.org/
101 silly mapToRegistry uri https://registry.npmjs.org/events
102 silly fetchNamedPackageData tapable
103 silly mapToRegistry name tapable
104 silly mapToRegistry using default registry
105 silly mapToRegistry registry https://registry.npmjs.org/
106 silly mapToRegistry uri https://registry.npmjs.org/tapable
107 silly fetchNamedPackageData neo-async
108 silly mapToRegistry name neo-async
109 silly mapToRegistry using default registry
110 silly mapToRegistry registry https://registry.npmjs.org/
111 silly mapToRegistry uri https://registry.npmjs.org/neo-async
112 silly fetchNamedPackageData watchpack
113 silly mapToRegistry name watchpack
114 silly mapToRegistry using default registry
115 silly mapToRegistry registry https://registry.npmjs.org/
116 silly mapToRegistry uri https://registry.npmjs.org/watchpack
117 silly fetchNamedPackageData mime-types
118 silly mapToRegistry name mime-types
119 silly mapToRegistry using default registry
120 silly mapToRegistry registry https://registry.npmjs.org/
121 silly mapToRegistry uri https://registry.npmjs.org/mime-types
122 silly fetchNamedPackageData graceful-fs
123 silly mapToRegistry name graceful-fs
124 silly mapToRegistry using default registry
125 silly mapToRegistry registry https://registry.npmjs.org/
126 silly mapToRegistry uri https://registry.npmjs.org/graceful-fs
127 silly fetchNamedPackageData browserslist
128 silly mapToRegistry name browserslist
129 silly mapToRegistry using default registry
130 silly mapToRegistry registry https://registry.npmjs.org/
131 silly mapToRegistry uri https://registry.npmjs.org/browserslist
132 silly fetchNamedPackageData eslint-scope
133 silly mapToRegistry name eslint-scope
134 silly mapToRegistry using default registry
135 silly mapToRegistry registry https://registry.npmjs.org/
136 silly mapToRegistry uri https://registry.npmjs.org/eslint-scope
137 silly fetchNamedPackageData schema-utils
138 silly mapToRegistry name schema-utils
139 silly mapToRegistry using default registry
140 silly mapToRegistry registry https://registry.npmjs.org/
141 silly mapToRegistry uri https://registry.npmjs.org/schema-utils
142 silly fetchNamedPackageData @types/estree
143 silly mapToRegistry name @types/estree
144 silly mapToRegistry scope (from package name) @types
145 verbose mapToRegistry no registry URL found in name for scope @types
146 silly mapToRegistry using default registry
147 silly mapToRegistry registry https://registry.npmjs.org/
148 silly mapToRegistry uri https://registry.npmjs.org/@types%2festree
149 silly fetchNamedPackageData loader-runner
150 silly mapToRegistry name loader-runner
151 silly mapToRegistry using default registry
152 silly mapToRegistry registry https://registry.npmjs.org/
153 silly mapToRegistry uri https://registry.npmjs.org/loader-runner
154 silly fetchNamedPackageData glob-to-regexp
155 silly mapToRegistry name glob-to-regexp
156 silly mapToRegistry using default registry
157 silly mapToRegistry registry https://registry.npmjs.org/
158 silly mapToRegistry uri https://registry.npmjs.org/glob-to-regexp
159 silly fetchNamedPackageData es-module-lexer
160 silly mapToRegistry name es-module-lexer
161 silly mapToRegistry using default registry
162 silly mapToRegistry registry https://registry.npmjs.org/
163 silly mapToRegistry uri https://registry.npmjs.org/es-module-lexer
164 silly fetchNamedPackageData webpack-sources
165 silly mapToRegistry name webpack-sources
166 silly mapToRegistry using default registry
167 silly mapToRegistry registry https://registry.npmjs.org/
168 silly mapToRegistry uri https://registry.npmjs.org/webpack-sources
169 silly fetchNamedPackageData enhanced-resolve
170 silly mapToRegistry name enhanced-resolve
171 silly mapToRegistry using default registry
172 silly mapToRegistry registry https://registry.npmjs.org/
173 silly mapToRegistry uri https://registry.npmjs.org/enhanced-resolve
174 silly fetchNamedPackageData @webassemblyjs/ast
175 silly mapToRegistry name @webassemblyjs/ast
176 silly mapToRegistry scope (from package name) @webassemblyjs
177 verbose mapToRegistry no registry URL found in name for scope @webassemblyjs
178 silly mapToRegistry using default registry
179 silly mapToRegistry registry https://registry.npmjs.org/
180 silly mapToRegistry uri https://registry.npmjs.org/@webassemblyjs%2fast
181 silly fetchNamedPackageData chrome-trace-event
182 silly mapToRegistry name chrome-trace-event
183 silly mapToRegistry using default registry
184 silly mapToRegistry registry https://registry.npmjs.org/
185 silly mapToRegistry uri https://registry.npmjs.org/chrome-trace-event
186 silly fetchNamedPackageData @types/eslint-scope
187 silly mapToRegistry name @types/eslint-scope
188 silly mapToRegistry scope (from package name) @types
189 verbose mapToRegistry no registry URL found in name for scope @types
190 silly mapToRegistry using default registry
191 silly mapToRegistry registry https://registry.npmjs.org/
192 silly mapToRegistry uri https://registry.npmjs.org/@types%2feslint-scope
193 silly fetchNamedPackageData terser-webpack-plugin
194 silly mapToRegistry name terser-webpack-plugin
195 silly mapToRegistry using default registry
196 silly mapToRegistry registry https://registry.npmjs.org/
197 silly mapToRegistry uri https://registry.npmjs.org/terser-webpack-plugin
198 silly fetchNamedPackageData acorn-import-attributes
199 silly mapToRegistry name acorn-import-attributes
200 silly mapToRegistry using default registry
201 silly mapToRegistry registry https://registry.npmjs.org/
202 silly mapToRegistry uri https://registry.npmjs.org/acorn-import-attributes
203 silly fetchNamedPackageData @webassemblyjs/wasm-edit
204 silly mapToRegistry name @webassemblyjs/wasm-edit
205 silly mapToRegistry scope (from package name) @webassemblyjs
206 verbose mapToRegistry no registry URL found in name for scope @webassemblyjs
207 silly mapToRegistry using default registry
208 silly mapToRegistry registry https://registry.npmjs.org/
209 silly mapToRegistry uri https://registry.npmjs.org/@webassemblyjs%2fwasm-edit
210 silly fetchNamedPackageData @webassemblyjs/wasm-parser
211 silly mapToRegistry name @webassemblyjs/wasm-parser
212 silly mapToRegistry scope (from package name) @webassemblyjs
213 verbose mapToRegistry no registry URL found in name for scope @webassemblyjs
214 silly mapToRegistry using default registry
215 silly mapToRegistry registry https://registry.npmjs.org/
216 silly mapToRegistry uri https://registry.npmjs.org/@webassemblyjs%2fwasm-parser
217 silly fetchNamedPackageData json-parse-even-better-errors
218 silly mapToRegistry name json-parse-even-better-errors
219 silly mapToRegistry using default registry
220 silly mapToRegistry registry https://registry.npmjs.org/
221 silly mapToRegistry uri https://registry.npmjs.org/json-parse-even-better-errors
222 verbose request uri https://registry.npmjs.org/acorn
223 verbose request no auth needed
224 info attempt registry request try #1 at 6:47:17 AM
225 verbose etag W/"42569d80cacb9710852d8cc0653bb459"
226 verbose lastModified Wed, 03 Jul 2024 06:13:14 GMT
227 http request GET https://registry.npmjs.org/acorn
228 verbose request uri https://registry.npmjs.org/events
229 verbose request no auth needed
230 info attempt registry request try #1 at 6:47:17 AM
231 verbose etag W/"241e54bd2af2d6c94588ce14c1d2fd23"
232 verbose lastModified Wed, 12 Jul 2023 19:04:57 GMT
233 http request GET https://registry.npmjs.org/events
234 verbose request uri https://registry.npmjs.org/tapable
235 verbose request no auth needed
236 info attempt registry request try #1 at 6:47:17 AM
237 verbose etag W/"bc278ad3763ec502c08ee788bfee143e"
238 verbose lastModified Sun, 10 Sep 2023 02:38:40 GMT
239 http request GET https://registry.npmjs.org/tapable
240 verbose request uri https://registry.npmjs.org/neo-async
241 verbose request no auth needed
242 info attempt registry request try #1 at 6:47:17 AM
243 verbose etag W/"2a5967f2a59479e15b7ca088222b4c3b"
244 verbose lastModified Tue, 21 Jun 2022 00:04:11 GMT
245 http request GET https://registry.npmjs.org/neo-async
246 verbose request uri https://registry.npmjs.org/watchpack
247 verbose request no auth needed
248 info attempt registry request try #1 at 6:47:17 AM
249 verbose etag W/"0dfa7ea14b87714cb5898a258efa773c"
250 verbose lastModified Wed, 13 Mar 2024 13:31:52 GMT
251 http request GET https://registry.npmjs.org/watchpack
252 verbose request uri https://registry.npmjs.org/mime-types
253 verbose request no auth needed
254 info attempt registry request try #1 at 6:47:17 AM
255 verbose etag W/"ce91e511cbc2850e24484df9fb1c03b7"
256 verbose lastModified Thu, 30 May 2024 19:02:43 GMT
257 http request GET https://registry.npmjs.org/mime-types
258 verbose request uri https://registry.npmjs.org/graceful-fs
259 verbose request no auth needed
260 info attempt registry request try #1 at 6:47:17 AM
261 verbose etag W/"1cbaa24705e0589f55861c185b5c2307"
262 verbose lastModified Fri, 09 Jun 2023 21:32:48 GMT
263 http request GET https://registry.npmjs.org/graceful-fs
264 verbose request uri https://registry.npmjs.org/browserslist
265 verbose request no auth needed
266 info attempt registry request try #1 at 6:47:17 AM
267 verbose etag W/"4f863a543a58712b475432a00c0cf1cb"
268 verbose lastModified Tue, 09 Jul 2024 20:40:17 GMT
269 http request GET https://registry.npmjs.org/browserslist
270 verbose request uri https://registry.npmjs.org/eslint-scope
271 verbose request no auth needed
272 info attempt registry request try #1 at 6:47:17 AM
273 verbose etag W/"94801897792d6e1024f68dedc2deb334"
274 verbose lastModified Fri, 12 Jul 2024 20:04:17 GMT
275 http request GET https://registry.npmjs.org/eslint-scope
276 verbose request uri https://registry.npmjs.org/schema-utils
277 verbose request no auth needed
278 info attempt registry request try #1 at 6:47:17 AM
279 verbose etag W/"8c3add147b707d11a855217b581eb270"
280 verbose lastModified Wed, 14 Jun 2023 14:52:45 GMT
281 http request GET https://registry.npmjs.org/schema-utils
282 verbose request uri https://registry.npmjs.org/@types%2festree
283 verbose request no auth needed
284 info attempt registry request try #1 at 6:47:17 AM
285 verbose etag W/"6c28b13c0153c961b21545fde3d7f6a7"
286 verbose lastModified Mon, 24 Jun 2024 08:31:37 GMT
287 http request GET https://registry.npmjs.org/@types%2festree
288 verbose request uri https://registry.npmjs.org/loader-runner
289 verbose request no auth needed
290 info attempt registry request try #1 at 6:47:17 AM
291 verbose etag W/"88e8e41f3bf4fe7198a339db906aa555"
292 verbose lastModified Sun, 19 Jun 2022 13:13:56 GMT
293 http request GET https://registry.npmjs.org/loader-runner
294 verbose request uri https://registry.npmjs.org/glob-to-regexp
295 verbose request no auth needed
296 info attempt registry request try #1 at 6:47:17 AM
297 verbose etag W/"17ba3a99c72274a1e9038c219ebfbadc"
298 verbose lastModified Sat, 18 Jun 2022 12:54:54 GMT
299 http request GET https://registry.npmjs.org/glob-to-regexp
300 verbose request uri https://registry.npmjs.org/es-module-lexer
301 verbose request no auth needed
302 info attempt registry request try #1 at 6:47:17 AM
303 verbose etag W/"58890bce56546e66f2fe8c12171e8811"
304 verbose lastModified Mon, 24 Jun 2024 05:05:09 GMT
305 http request GET https://registry.npmjs.org/es-module-lexer
306 verbose request uri https://registry.npmjs.org/webpack-sources
307 verbose request no auth needed
308 info attempt registry request try #1 at 6:47:17 AM
309 verbose etag W/"62bdf7cc4c4edcc858640c137fbb5f2f"
310 verbose lastModified Wed, 05 Apr 2023 01:12:21 GMT
311 http request GET https://registry.npmjs.org/webpack-sources
312 verbose request uri https://registry.npmjs.org/enhanced-resolve
313 verbose request no auth needed
314 info attempt registry request try #1 at 6:47:17 AM
315 verbose etag W/"0edbc5004f897e8ec0d967e0bb205163"
316 verbose lastModified Tue, 04 Jun 2024 15:48:15 GMT
317 http request GET https://registry.npmjs.org/enhanced-resolve
318 verbose request uri https://registry.npmjs.org/@webassemblyjs%2fast
319 verbose request no auth needed
320 info attempt registry request try #1 at 6:47:18 AM
321 verbose etag W/"9faab0b48285a34adda9543ed4194d9c"
322 verbose lastModified Wed, 13 Mar 2024 10:19:16 GMT
323 http request GET https://registry.npmjs.org/@webassemblyjs%2fast
324 verbose request uri https://registry.npmjs.org/chrome-trace-event
325 verbose request no auth needed
326 info attempt registry request try #1 at 6:47:18 AM
327 verbose etag W/"7767ce0a2557f667d5da914caef64c1a"
328 verbose lastModified Wed, 29 May 2024 16:40:57 GMT
329 http request GET https://registry.npmjs.org/chrome-trace-event
330 verbose request uri https://registry.npmjs.org/@types%2feslint-scope
331 verbose request no auth needed
332 info attempt registry request try #1 at 6:47:18 AM
333 verbose etag W/"7d1e76e11b6278f6a6a7bd99b19154d3"
334 verbose lastModified Mon, 24 Jun 2024 08:31:29 GMT
335 http request GET https://registry.npmjs.org/@types%2feslint-scope
336 verbose request uri https://registry.npmjs.org/terser-webpack-plugin
337 verbose request no auth needed
338 info attempt registry request try #1 at 6:47:18 AM
339 verbose etag W/"763ca13208bf3323f2446e7c4b7fd0da"
340 verbose lastModified Thu, 28 Dec 2023 14:57:09 GMT
341 http request GET https://registry.npmjs.org/terser-webpack-plugin
342 verbose request uri https://registry.npmjs.org/acorn-import-attributes
343 verbose request no auth needed
344 info attempt registry request try #1 at 6:47:18 AM
345 verbose etag W/"6abddba0fbf2caf2f939bdd5c998320c"
346 verbose lastModified Fri, 29 Mar 2024 09:47:29 GMT
347 http request GET https://registry.npmjs.org/acorn-import-attributes
348 verbose request uri https://registry.npmjs.org/@webassemblyjs%2fwasm-parser
349 verbose request no auth needed
350 info attempt registry request try #1 at 6:47:18 AM
351 verbose etag W/"d722c32a51e64cd2f857e54b2836112d"
352 verbose lastModified Wed, 13 Mar 2024 10:19:19 GMT
353 http request GET https://registry.npmjs.org/@webassemblyjs%2fwasm-parser
354 verbose request uri https://registry.npmjs.org/json-parse-even-better-errors
355 verbose request no auth needed
356 info attempt registry request try #1 at 6:47:18 AM
357 verbose etag W/"6f4bc6376a9d6498f3eaa9279cc6b2c2"
358 verbose lastModified Thu, 30 May 2024 15:08:20 GMT
359 http request GET https://registry.npmjs.org/json-parse-even-better-errors
360 verbose request uri https://registry.npmjs.org/@webassemblyjs%2fwasm-edit
361 verbose request no auth needed
362 info attempt registry request try #1 at 6:47:18 AM
363 verbose etag W/"9a0106fa7d90b4aea49822cb4c6c0330"
364 verbose lastModified Wed, 13 Mar 2024 10:19:25 GMT
365 http request GET https://registry.npmjs.org/@webassemblyjs%2fwasm-edit
366 http 304 https://registry.npmjs.org/acorn
367 verbose headers { date: 'Tue, 23 Jul 2024 06:47:18 GMT',
367 verbose headers   connection: 'keep-alive',
367 verbose headers   'cf-ray': '8a79b7e2690a8015-IAD',
367 verbose headers   'cf-cache-status': 'HIT',
367 verbose headers   'access-control-allow-origin': '*',
367 verbose headers   age: '294',
367 verbose headers   'cache-control': 'public, max-age=300',
367 verbose headers   etag: '"42569d80cacb9710852d8cc0653bb459"',
367 verbose headers   'last-modified': 'Wed, 03 Jul 2024 06:13:14 GMT',
367 verbose headers   vary: 'Accept-Encoding',
367 verbose headers   server: 'cloudflare' }
368 silly get cb [ 304,
368 silly get   { date: 'Tue, 23 Jul 2024 06:47:18 GMT',
368 silly get     connection: 'keep-alive',
368 silly get     'cf-ray': '8a79b7e2690a8015-IAD',
368 silly get     'cf-cache-status': 'HIT',
368 silly get     'access-control-allow-origin': '*',
368 silly get     age: '294',
368 silly get     'cache-control': 'public, max-age=300',
368 silly get     etag: '"42569d80cacb9710852d8cc0653bb459"',
368 silly get     'last-modified': 'Wed, 03 Jul 2024 06:13:14 GMT',
368 silly get     vary: 'Accept-Encoding',
368 silly get     server: 'cloudflare' } ]
369 verbose etag https://registry.npmjs.org/acorn from cache
370 verbose get saving acorn to /root/.npm/registry.npmjs.org/acorn/.cache.json
371 http 304 https://registry.npmjs.org/events
372 verbose headers { date: 'Tue, 23 Jul 2024 06:47:18 GMT',
372 verbose headers   connection: 'keep-alive',
372 verbose headers   'cf-ray': '8a79b7e268482425-IAD',
372 verbose headers   'cf-cache-status': 'HIT',
372 verbose headers   'access-control-allow-origin': '*',
372 verbose headers   age: '79',
372 verbose headers   'cache-control': 'public, max-age=300',
372 verbose headers   etag: '"241e54bd2af2d6c94588ce14c1d2fd23"',
372 verbose headers   'last-modified': 'Wed, 12 Jul 2023 19:04:57 GMT',
372 verbose headers   vary: 'Accept-Encoding',
372 verbose headers   server: 'cloudflare' }
373 silly get cb [ 304,
373 silly get   { date: 'Tue, 23 Jul 2024 06:47:18 GMT',
373 silly get     connection: 'keep-alive',
373 silly get     'cf-ray': '8a79b7e268482425-IAD',
373 silly get     'cf-cache-status': 'HIT',
373 silly get     'access-control-allow-origin': '*',
373 silly get     age: '79',
373 silly get     'cache-control': 'public, max-age=300',
373 silly get     etag: '"241e54bd2af2d6c94588ce14c1d2fd23"',
373 silly get     'last-modified': 'Wed, 12 Jul 2023 19:04:57 GMT',
373 silly get     vary: 'Accept-Encoding',
373 silly get     server: 'cloudflare' } ]
374 verbose etag https://registry.npmjs.org/events from cache
375 verbose get saving events to /root/.npm/registry.npmjs.org/events/.cache.json
376 http 304 https://registry.npmjs.org/watchpack
377 verbose headers { date: 'Tue, 23 Jul 2024 06:47:18 GMT',
377 verbose headers   connection: 'keep-alive',
377 verbose headers   'cf-ray': '8a79b7e599c957ba-IAD',
377 verbose headers   'cf-cache-status': 'HIT',
377 verbose headers   'access-control-allow-origin': '*',
377 verbose headers   age: '74',
377 verbose headers   'cache-control': 'public, max-age=300',
377 verbose headers   etag: '"0dfa7ea14b87714cb5898a258efa773c"',
377 verbose headers   'last-modified': 'Wed, 13 Mar 2024 13:31:52 GMT',
377 verbose headers   vary: 'Accept-Encoding',
377 verbose headers   server: 'cloudflare' }
378 silly get cb [ 304,
378 silly get   { date: 'Tue, 23 Jul 2024 06:47:18 GMT',
378 silly get     connection: 'keep-alive',
378 silly get     'cf-ray': '8a79b7e599c957ba-IAD',
378 silly get     'cf-cache-status': 'HIT',
378 silly get     'access-control-allow-origin': '*',
378 silly get     age: '74',
378 silly get     'cache-control': 'public, max-age=300',
378 silly get     etag: '"0dfa7ea14b87714cb5898a258efa773c"',
378 silly get     'last-modified': 'Wed, 13 Mar 2024 13:31:52 GMT',
378 silly get     vary: 'Accept-Encoding',
378 silly get     server: 'cloudflare' } ]
379 verbose etag https://registry.npmjs.org/watchpack from cache
380 verbose get saving watchpack to /root/.npm/registry.npmjs.org/watchpack/.cache.json
381 http 304 https://registry.npmjs.org/@webassemblyjs%2fwasm-edit
382 verbose headers { date: 'Tue, 23 Jul 2024 06:47:18 GMT',
382 verbose headers   connection: 'keep-alive',
382 verbose headers   'cf-ray': '8a79b7e58b218015-IAD',
382 verbose headers   'cf-cache-status': 'HIT',
382 verbose headers   'access-control-allow-origin': '*',
382 verbose headers   age: '75',
382 verbose headers   'cache-control': 'public, max-age=300',
382 verbose headers   etag: '"9a0106fa7d90b4aea49822cb4c6c0330"',
382 verbose headers   'last-modified': 'Wed, 13 Mar 2024 10:19:25 GMT',
382 verbose headers   vary: 'Accept-Encoding',
382 verbose headers   server: 'cloudflare' }
383 silly get cb [ 304,
383 silly get   { date: 'Tue, 23 Jul 2024 06:47:18 GMT',
383 silly get     connection: 'keep-alive',
383 silly get     'cf-ray': '8a79b7e58b218015-IAD',
383 silly get     'cf-cache-status': 'HIT',
383 silly get     'access-control-allow-origin': '*',
383 silly get     age: '75',
383 silly get     'cache-control': 'public, max-age=300',
383 silly get     etag: '"9a0106fa7d90b4aea49822cb4c6c0330"',
383 silly get     'last-modified': 'Wed, 13 Mar 2024 10:19:25 GMT',
383 silly get     vary: 'Accept-Encoding',
383 silly get     server: 'cloudflare' } ]
384 verbose etag https://registry.npmjs.org/@webassemblyjs%2fwasm-edit from cache
385 verbose get saving @webassemblyjs/wasm-edit to /root/.npm/registry.npmjs.org/_40webassemblyjs_252fwasm-edit/.cache.json
386 http 304 https://registry.npmjs.org/tapable
387 verbose headers { date: 'Tue, 23 Jul 2024 06:47:18 GMT',
387 verbose headers   connection: 'keep-alive',
387 verbose headers   'cf-ray': '8a79b7e59afe9c46-IAD',
387 verbose headers   'cf-cache-status': 'HIT',
387 verbose headers   'access-control-allow-origin': '*',
387 verbose headers   age: '29',
387 verbose headers   'cache-control': 'public, max-age=300',
387 verbose headers   etag: '"bc278ad3763ec502c08ee788bfee143e"',
387 verbose headers   'last-modified': 'Sun, 10 Sep 2023 02:38:40 GMT',
387 verbose headers   vary: 'Accept-Encoding',
387 verbose headers   server: 'cloudflare' }
388 silly get cb [ 304,
388 silly get   { date: 'Tue, 23 Jul 2024 06:47:18 GMT',
388 silly get     connection: 'keep-alive',
388 silly get     'cf-ray': '8a79b7e59afe9c46-IAD',
388 silly get     'cf-cache-status': 'HIT',
388 silly get     'access-control-allow-origin': '*',
388 silly get     age: '29',
388 silly get     'cache-control': 'public, max-age=300',
388 silly get     etag: '"bc278ad3763ec502c08ee788bfee143e"',
388 silly get     'last-modified': 'Sun, 10 Sep 2023 02:38:40 GMT',
388 silly get     vary: 'Accept-Encoding',
388 silly get     server: 'cloudflare' } ]
389 verbose etag https://registry.npmjs.org/tapable from cache
390 verbose get saving tapable to /root/.npm/registry.npmjs.org/tapable/.cache.json
391 http 304 https://registry.npmjs.org/mime-types
392 verbose headers { date: 'Tue, 23 Jul 2024 06:47:18 GMT',
392 verbose headers   connection: 'keep-alive',
392 verbose headers   'cf-ray': '8a79b7e59e7c0586-IAD',
392 verbose headers   'cf-cache-status': 'HIT',
392 verbose headers   'access-control-allow-origin': '*',
392 verbose headers   age: '106',
392 verbose headers   'cache-control': 'public, max-age=300',
392 verbose headers   etag: '"ce91e511cbc2850e24484df9fb1c03b7"',
392 verbose headers   'last-modified': 'Thu, 30 May 2024 19:02:43 GMT',
392 verbose headers   vary: 'Accept-Encoding',
392 verbose headers   server: 'cloudflare' }
393 silly get cb [ 304,
393 silly get   { date: 'Tue, 23 Jul 2024 06:47:18 GMT',
393 silly get     connection: 'keep-alive',
393 silly get     'cf-ray': '8a79b7e59e7c0586-IAD',
393 silly get     'cf-cache-status': 'HIT',
393 silly get     'access-control-allow-origin': '*',
393 silly get     age: '106',
393 silly get     'cache-control': 'public, max-age=300',
393 silly get     etag: '"ce91e511cbc2850e24484df9fb1c03b7"',
393 silly get     'last-modified': 'Thu, 30 May 2024 19:02:43 GMT',
393 silly get     vary: 'Accept-Encoding',
393 silly get     server: 'cloudflare' } ]
394 verbose etag https://registry.npmjs.org/mime-types from cache
395 verbose get saving mime-types to /root/.npm/registry.npmjs.org/mime-types/.cache.json
396 http 304 https://registry.npmjs.org/glob-to-regexp
397 verbose headers { date: 'Tue, 23 Jul 2024 06:47:18 GMT',
397 verbose headers   connection: 'keep-alive',
397 verbose headers   'cf-ray': '8a79b7e63ffe82c0-IAD',
397 verbose headers   'cf-cache-status': 'HIT',
397 verbose headers   'access-control-allow-origin': '*',
397 verbose headers   age: '122',
397 verbose headers   'cache-control': 'public, max-age=300',
397 verbose headers   etag: '"17ba3a99c72274a1e9038c219ebfbadc"',
397 verbose headers   'last-modified': 'Sat, 18 Jun 2022 12:54:54 GMT',
397 verbose headers   vary: 'Accept-Encoding',
397 verbose headers   server: 'cloudflare' }
398 silly get cb [ 304,
398 silly get   { date: 'Tue, 23 Jul 2024 06:47:18 GMT',
398 silly get     connection: 'keep-alive',
398 silly get     'cf-ray': '8a79b7e63ffe82c0-IAD',
398 silly get     'cf-cache-status': 'HIT',
398 silly get     'access-control-allow-origin': '*',
398 silly get     age: '122',
398 silly get     'cache-control': 'public, max-age=300',
398 silly get     etag: '"17ba3a99c72274a1e9038c219ebfbadc"',
398 silly get     'last-modified': 'Sat, 18 Jun 2022 12:54:54 GMT',
398 silly get     vary: 'Accept-Encoding',
398 silly get     server: 'cloudflare' } ]
399 verbose etag https://registry.npmjs.org/glob-to-regexp from cache
400 verbose get saving glob-to-regexp to /root/.npm/registry.npmjs.org/glob-to-regexp/.cache.json
401 http 304 https://registry.npmjs.org/browserslist
402 verbose headers { date: 'Tue, 23 Jul 2024 06:47:18 GMT',
402 verbose headers   connection: 'keep-alive',
402 verbose headers   'cf-ray': '8a79b7e6391c0678-IAD',
402 verbose headers   'cf-cache-status': 'HIT',
402 verbose headers   'access-control-allow-origin': '*',
402 verbose headers   age: '293',
402 verbose headers   'cache-control': 'public, max-age=300',
402 verbose headers   etag: '"4f863a543a58712b475432a00c0cf1cb"',
402 verbose headers   'last-modified': 'Tue, 09 Jul 2024 20:40:17 GMT',
402 verbose headers   vary: 'Accept-Encoding',
402 verbose headers   server: 'cloudflare' }
403 silly get cb [ 304,
403 silly get   { date: 'Tue, 23 Jul 2024 06:47:18 GMT',
403 silly get     connection: 'keep-alive',
403 silly get     'cf-ray': '8a79b7e6391c0678-IAD',
403 silly get     'cf-cache-status': 'HIT',
403 silly get     'access-control-allow-origin': '*',
403 silly get     age: '293',
403 silly get     'cache-control': 'public, max-age=300',
403 silly get     etag: '"4f863a543a58712b475432a00c0cf1cb"',
403 silly get     'last-modified': 'Tue, 09 Jul 2024 20:40:17 GMT',
403 silly get     vary: 'Accept-Encoding',
403 silly get     server: 'cloudflare' } ]
404 verbose etag https://registry.npmjs.org/browserslist from cache
405 verbose get saving browserslist to /root/.npm/registry.npmjs.org/browserslist/.cache.json
406 http 304 https://registry.npmjs.org/loader-runner
407 verbose headers { date: 'Tue, 23 Jul 2024 06:47:18 GMT',
407 verbose headers   connection: 'keep-alive',
407 verbose headers   'cf-ray': '8a79b7e63dc2078c-IAD',
407 verbose headers   'cf-cache-status': 'HIT',
407 verbose headers   'access-control-allow-origin': '*',
407 verbose headers   age: '247',
407 verbose headers   'cache-control': 'public, max-age=300',
407 verbose headers   etag: '"88e8e41f3bf4fe7198a339db906aa555"',
407 verbose headers   'last-modified': 'Sun, 19 Jun 2022 13:13:56 GMT',
407 verbose headers   vary: 'Accept-Encoding',
407 verbose headers   server: 'cloudflare' }
408 silly get cb [ 304,
408 silly get   { date: 'Tue, 23 Jul 2024 06:47:18 GMT',
408 silly get     connection: 'keep-alive',
408 silly get     'cf-ray': '8a79b7e63dc2078c-IAD',
408 silly get     'cf-cache-status': 'HIT',
408 silly get     'access-control-allow-origin': '*',
408 silly get     age: '247',
408 silly get     'cache-control': 'public, max-age=300',
408 silly get     etag: '"88e8e41f3bf4fe7198a339db906aa555"',
408 silly get     'last-modified': 'Sun, 19 Jun 2022 13:13:56 GMT',
408 silly get     vary: 'Accept-Encoding',
408 silly get     server: 'cloudflare' } ]
409 verbose etag https://registry.npmjs.org/loader-runner from cache
410 verbose get saving loader-runner to /root/.npm/registry.npmjs.org/loader-runner/.cache.json
411 http 304 https://registry.npmjs.org/enhanced-resolve
412 verbose headers { date: 'Tue, 23 Jul 2024 06:47:18 GMT',
412 verbose headers   connection: 'keep-alive',
412 verbose headers   'cf-ray': '8a79b7e6389d05e1-IAD',
412 verbose headers   'cf-cache-status': 'HIT',
412 verbose headers   'access-control-allow-origin': '*',
412 verbose headers   age: '206',
412 verbose headers   'cache-control': 'public, max-age=300',
412 verbose headers   etag: '"0edbc5004f897e8ec0d967e0bb205163"',
412 verbose headers   'last-modified': 'Tue, 04 Jun 2024 15:48:15 GMT',
412 verbose headers   vary: 'Accept-Encoding',
412 verbose headers   server: 'cloudflare' }
413 silly get cb [ 304,
413 silly get   { date: 'Tue, 23 Jul 2024 06:47:18 GMT',
413 silly get     connection: 'keep-alive',
413 silly get     'cf-ray': '8a79b7e6389d05e1-IAD',
413 silly get     'cf-cache-status': 'HIT',
413 silly get     'access-control-allow-origin': '*',
413 silly get     age: '206',
413 silly get     'cache-control': 'public, max-age=300',
413 silly get     etag: '"0edbc5004f897e8ec0d967e0bb205163"',
413 silly get     'last-modified': 'Tue, 04 Jun 2024 15:48:15 GMT',
413 silly get     vary: 'Accept-Encoding',
413 silly get     server: 'cloudflare' } ]
414 verbose etag https://registry.npmjs.org/enhanced-resolve from cache
415 verbose get saving enhanced-resolve to /root/.npm/registry.npmjs.org/enhanced-resolve/.cache.json
416 http 304 https://registry.npmjs.org/graceful-fs
417 verbose headers { date: 'Tue, 23 Jul 2024 06:47:18 GMT',
417 verbose headers   connection: 'keep-alive',
417 verbose headers   'cf-ray': '8a79b7e6392f81d5-IAD',
417 verbose headers   'cf-cache-status': 'HIT',
417 verbose headers   'access-control-allow-origin': '*',
417 verbose headers   age: '72',
417 verbose headers   'cache-control': 'public, max-age=300',
417 verbose headers   etag: '"1cbaa24705e0589f55861c185b5c2307"',
417 verbose headers   'last-modified': 'Fri, 09 Jun 2023 21:32:48 GMT',
417 verbose headers   vary: 'Accept-Encoding',
417 verbose headers   server: 'cloudflare' }
418 silly get cb [ 304,
418 silly get   { date: 'Tue, 23 Jul 2024 06:47:18 GMT',
418 silly get     connection: 'keep-alive',
418 silly get     'cf-ray': '8a79b7e6392f81d5-IAD',
418 silly get     'cf-cache-status': 'HIT',
418 silly get     'access-control-allow-origin': '*',
418 silly get     age: '72',
418 silly get     'cache-control': 'public, max-age=300',
418 silly get     etag: '"1cbaa24705e0589f55861c185b5c2307"',
418 silly get     'last-modified': 'Fri, 09 Jun 2023 21:32:48 GMT',
418 silly get     vary: 'Accept-Encoding',
418 silly get     server: 'cloudflare' } ]
419 verbose etag https://registry.npmjs.org/graceful-fs from cache
420 verbose get saving graceful-fs to /root/.npm/registry.npmjs.org/graceful-fs/.cache.json
421 http 304 https://registry.npmjs.org/schema-utils
422 verbose headers { date: 'Tue, 23 Jul 2024 06:47:18 GMT',
422 verbose headers   connection: 'keep-alive',
422 verbose headers   'cf-ray': '8a79b7e639513ae1-IAD',
422 verbose headers   'cf-cache-status': 'HIT',
422 verbose headers   'access-control-allow-origin': '*',
422 verbose headers   age: '255',
422 verbose headers   'cache-control': 'public, max-age=300',
422 verbose headers   etag: '"8c3add147b707d11a855217b581eb270"',
422 verbose headers   'last-modified': 'Wed, 14 Jun 2023 14:52:45 GMT',
422 verbose headers   vary: 'Accept-Encoding',
422 verbose headers   server: 'cloudflare' }
423 silly get cb [ 304,
423 silly get   { date: 'Tue, 23 Jul 2024 06:47:18 GMT',
423 silly get     connection: 'keep-alive',
423 silly get     'cf-ray': '8a79b7e639513ae1-IAD',
423 silly get     'cf-cache-status': 'HIT',
423 silly get     'access-control-allow-origin': '*',
423 silly get     age: '255',
423 silly get     'cache-control': 'public, max-age=300',
423 silly get     etag: '"8c3add147b707d11a855217b581eb270"',
423 silly get     'last-modified': 'Wed, 14 Jun 2023 14:52:45 GMT',
423 silly get     vary: 'Accept-Encoding',
423 silly get     server: 'cloudflare' } ]
424 verbose etag https://registry.npmjs.org/schema-utils from cache
425 verbose get saving schema-utils to /root/.npm/registry.npmjs.org/schema-utils/.cache.json
426 http 304 https://registry.npmjs.org/neo-async
427 verbose headers { date: 'Tue, 23 Jul 2024 06:47:18 GMT',
427 verbose headers   connection: 'keep-alive',
427 verbose headers   'cf-ray': '8a79b7e63d829c3a-IAD',
427 verbose headers   'cf-cache-status': 'HIT',
427 verbose headers   'access-control-allow-origin': '*',
427 verbose headers   age: '10',
427 verbose headers   'cache-control': 'public, max-age=300',
427 verbose headers   etag: '"2a5967f2a59479e15b7ca088222b4c3b"',
427 verbose headers   'last-modified': 'Tue, 21 Jun 2022 00:04:11 GMT',
427 verbose headers   vary: 'Accept-Encoding',
427 verbose headers   server: 'cloudflare' }
428 silly get cb [ 304,
428 silly get   { date: 'Tue, 23 Jul 2024 06:47:18 GMT',
428 silly get     connection: 'keep-alive',
428 silly get     'cf-ray': '8a79b7e63d829c3a-IAD',
428 silly get     'cf-cache-status': 'HIT',
428 silly get     'access-control-allow-origin': '*',
428 silly get     age: '10',
428 silly get     'cache-control': 'public, max-age=300',
428 silly get     etag: '"2a5967f2a59479e15b7ca088222b4c3b"',
428 silly get     'last-modified': 'Tue, 21 Jun 2022 00:04:11 GMT',
428 silly get     vary: 'Accept-Encoding',
428 silly get     server: 'cloudflare' } ]
429 verbose etag https://registry.npmjs.org/neo-async from cache
430 verbose get saving neo-async to /root/.npm/registry.npmjs.org/neo-async/.cache.json
431 http 304 https://registry.npmjs.org/@types%2festree
432 verbose headers { date: 'Tue, 23 Jul 2024 06:47:18 GMT',
432 verbose headers   connection: 'keep-alive',
432 verbose headers   'cf-ray': '8a79b7e63fa70660-IAD',
432 verbose headers   'cf-cache-status': 'HIT',
432 verbose headers   'access-control-allow-origin': '*',
432 verbose headers   age: '181',
432 verbose headers   'cache-control': 'public, max-age=300',
432 verbose headers   etag: '"6c28b13c0153c961b21545fde3d7f6a7"',
432 verbose headers   'last-modified': 'Mon, 24 Jun 2024 08:31:37 GMT',
432 verbose headers   vary: 'Accept-Encoding',
432 verbose headers   server: 'cloudflare' }
433 silly get cb [ 304,
433 silly get   { date: 'Tue, 23 Jul 2024 06:47:18 GMT',
433 silly get     connection: 'keep-alive',
433 silly get     'cf-ray': '8a79b7e63fa70660-IAD',
433 silly get     'cf-cache-status': 'HIT',
433 silly get     'access-control-allow-origin': '*',
433 silly get     age: '181',
433 silly get     'cache-control': 'public, max-age=300',
433 silly get     etag: '"6c28b13c0153c961b21545fde3d7f6a7"',
433 silly get     'last-modified': 'Mon, 24 Jun 2024 08:31:37 GMT',
433 silly get     vary: 'Accept-Encoding',
433 silly get     server: 'cloudflare' } ]
434 verbose etag https://registry.npmjs.org/@types%2festree from cache
435 verbose get saving @types/estree to /root/.npm/registry.npmjs.org/_40types_252festree/.cache.json
436 http 304 https://registry.npmjs.org/eslint-scope
437 verbose headers { date: 'Tue, 23 Jul 2024 06:47:18 GMT',
437 verbose headers   connection: 'keep-alive',
437 verbose headers   'cf-ray': '8a79b7e63e593b26-IAD',
437 verbose headers   'cf-cache-status': 'HIT',
437 verbose headers   'access-control-allow-origin': '*',
437 verbose headers   age: '4',
437 verbose headers   'cache-control': 'public, max-age=300',
437 verbose headers   etag: '"94801897792d6e1024f68dedc2deb334"',
437 verbose headers   'last-modified': 'Fri, 12 Jul 2024 20:04:17 GMT',
437 verbose headers   vary: 'Accept-Encoding',
437 verbose headers   server: 'cloudflare' }
438 silly get cb [ 304,
438 silly get   { date: 'Tue, 23 Jul 2024 06:47:18 GMT',
438 silly get     connection: 'keep-alive',
438 silly get     'cf-ray': '8a79b7e63e593b26-IAD',
438 silly get     'cf-cache-status': 'HIT',
438 silly get     'access-control-allow-origin': '*',
438 silly get     age: '4',
438 silly get     'cache-control': 'public, max-age=300',
438 silly get     etag: '"94801897792d6e1024f68dedc2deb334"',
438 silly get     'last-modified': 'Fri, 12 Jul 2024 20:04:17 GMT',
438 silly get     vary: 'Accept-Encoding',
438 silly get     server: 'cloudflare' } ]
439 verbose etag https://registry.npmjs.org/eslint-scope from cache
440 verbose get saving eslint-scope to /root/.npm/registry.npmjs.org/eslint-scope/.cache.json
441 http 304 https://registry.npmjs.org/es-module-lexer
442 verbose headers { date: 'Tue, 23 Jul 2024 06:47:18 GMT',
442 verbose headers   connection: 'keep-alive',
442 verbose headers   'cf-ray': '8a79b7e63a18820e-IAD',
442 verbose headers   'cf-cache-status': 'HIT',
442 verbose headers   'access-control-allow-origin': '*',
442 verbose headers   age: '54',
442 verbose headers   'cache-control': 'public, max-age=300',
442 verbose headers   etag: '"58890bce56546e66f2fe8c12171e8811"',
442 verbose headers   'last-modified': 'Mon, 24 Jun 2024 05:05:09 GMT',
442 verbose headers   vary: 'Accept-Encoding',
442 verbose headers   server: 'cloudflare' }
443 silly get cb [ 304,
443 silly get   { date: 'Tue, 23 Jul 2024 06:47:18 GMT',
443 silly get     connection: 'keep-alive',
443 silly get     'cf-ray': '8a79b7e63a18820e-IAD',
443 silly get     'cf-cache-status': 'HIT',
443 silly get     'access-control-allow-origin': '*',
443 silly get     age: '54',
443 silly get     'cache-control': 'public, max-age=300',
443 silly get     etag: '"58890bce56546e66f2fe8c12171e8811"',
443 silly get     'last-modified': 'Mon, 24 Jun 2024 05:05:09 GMT',
443 silly get     vary: 'Accept-Encoding',
443 silly get     server: 'cloudflare' } ]
444 verbose etag https://registry.npmjs.org/es-module-lexer from cache
445 verbose get saving es-module-lexer to /root/.npm/registry.npmjs.org/es-module-lexer/.cache.json
446 http 304 https://registry.npmjs.org/acorn-import-attributes
447 verbose headers { date: 'Tue, 23 Jul 2024 06:47:18 GMT',
447 verbose headers   connection: 'keep-alive',
447 verbose headers   'cf-ray': '8a79b7e6cc6b87af-IAD',
447 verbose headers   'cf-cache-status': 'HIT',
447 verbose headers   'access-control-allow-origin': '*',
447 verbose headers   age: '53',
447 verbose headers   'cache-control': 'public, max-age=300',
447 verbose headers   etag: '"6abddba0fbf2caf2f939bdd5c998320c"',
447 verbose headers   'last-modified': 'Fri, 29 Mar 2024 09:47:29 GMT',
447 verbose headers   vary: 'Accept-Encoding',
447 verbose headers   server: 'cloudflare' }
448 silly get cb [ 304,
448 silly get   { date: 'Tue, 23 Jul 2024 06:47:18 GMT',
448 silly get     connection: 'keep-alive',
448 silly get     'cf-ray': '8a79b7e6cc6b87af-IAD',
448 silly get     'cf-cache-status': 'HIT',
448 silly get     'access-control-allow-origin': '*',
448 silly get     age: '53',
448 silly get     'cache-control': 'public, max-age=300',
448 silly get     etag: '"6abddba0fbf2caf2f939bdd5c998320c"',
448 silly get     'last-modified': 'Fri, 29 Mar 2024 09:47:29 GMT',
448 silly get     vary: 'Accept-Encoding',
448 silly get     server: 'cloudflare' } ]
449 verbose etag https://registry.npmjs.org/acorn-import-attributes from cache
450 verbose get saving acorn-import-attributes to /root/.npm/registry.npmjs.org/acorn-import-attributes/.cache.json
451 http 304 https://registry.npmjs.org/webpack-sources
452 verbose headers { date: 'Tue, 23 Jul 2024 06:47:18 GMT',
452 verbose headers   connection: 'keep-alive',
452 verbose headers   'cf-ray': '8a79b7e6cdcd5776-IAD',
452 verbose headers   'cf-cache-status': 'HIT',
452 verbose headers   'access-control-allow-origin': '*',
452 verbose headers   age: '117',
452 verbose headers   'cache-control': 'public, max-age=300',
452 verbose headers   etag: '"62bdf7cc4c4edcc858640c137fbb5f2f"',
452 verbose headers   'last-modified': 'Wed, 05 Apr 2023 01:12:21 GMT',
452 verbose headers   vary: 'Accept-Encoding',
452 verbose headers   server: 'cloudflare' }
453 silly get cb [ 304,
453 silly get   { date: 'Tue, 23 Jul 2024 06:47:18 GMT',
453 silly get     connection: 'keep-alive',
453 silly get     'cf-ray': '8a79b7e6cdcd5776-IAD',
453 silly get     'cf-cache-status': 'HIT',
453 silly get     'access-control-allow-origin': '*',
453 silly get     age: '117',
453 silly get     'cache-control': 'public, max-age=300',
453 silly get     etag: '"62bdf7cc4c4edcc858640c137fbb5f2f"',
453 silly get     'last-modified': 'Wed, 05 Apr 2023 01:12:21 GMT',
453 silly get     vary: 'Accept-Encoding',
453 silly get     server: 'cloudflare' } ]
454 verbose etag https://registry.npmjs.org/webpack-sources from cache
455 verbose get saving webpack-sources to /root/.npm/registry.npmjs.org/webpack-sources/.cache.json
456 http 304 https://registry.npmjs.org/terser-webpack-plugin
457 verbose headers { date: 'Tue, 23 Jul 2024 06:47:18 GMT',
457 verbose headers   connection: 'keep-alive',
457 verbose headers   'cf-ray': '8a79b7e6ca4c59a3-IAD',
457 verbose headers   'cf-cache-status': 'HIT',
457 verbose headers   'access-control-allow-origin': '*',
457 verbose headers   age: '246',
457 verbose headers   'cache-control': 'public, max-age=300',
457 verbose headers   etag: '"763ca13208bf3323f2446e7c4b7fd0da"',
457 verbose headers   'last-modified': 'Thu, 28 Dec 2023 14:57:09 GMT',
457 verbose headers   vary: 'Accept-Encoding',
457 verbose headers   server: 'cloudflare' }
458 silly get cb [ 304,
458 silly get   { date: 'Tue, 23 Jul 2024 06:47:18 GMT',
458 silly get     connection: 'keep-alive',
458 silly get     'cf-ray': '8a79b7e6ca4c59a3-IAD',
458 silly get     'cf-cache-status': 'HIT',
458 silly get     'access-control-allow-origin': '*',
458 silly get     age: '246',
458 silly get     'cache-control': 'public, max-age=300',
458 silly get     etag: '"763ca13208bf3323f2446e7c4b7fd0da"',
458 silly get     'last-modified': 'Thu, 28 Dec 2023 14:57:09 GMT',
458 silly get     vary: 'Accept-Encoding',
458 silly get     server: 'cloudflare' } ]
459 verbose etag https://registry.npmjs.org/terser-webpack-plugin from cache
460 verbose get saving terser-webpack-plugin to /root/.npm/registry.npmjs.org/terser-webpack-plugin/.cache.json
461 http 304 https://registry.npmjs.org/json-parse-even-better-errors
462 verbose headers { date: 'Tue, 23 Jul 2024 06:47:18 GMT',
462 verbose headers   connection: 'keep-alive',
462 verbose headers   'cf-ray': '8a79b7e6c9455a1b-IAD',
462 verbose headers   'cf-cache-status': 'HIT',
462 verbose headers   'access-control-allow-origin': '*',
462 verbose headers   age: '294',
462 verbose headers   'cache-control': 'public, max-age=300',
462 verbose headers   etag: '"6f4bc6376a9d6498f3eaa9279cc6b2c2"',
462 verbose headers   'last-modified': 'Thu, 30 May 2024 15:08:20 GMT',
462 verbose headers   vary: 'Accept-Encoding',
462 verbose headers   server: 'cloudflare' }
463 silly get cb [ 304,
463 silly get   { date: 'Tue, 23 Jul 2024 06:47:18 GMT',
463 silly get     connection: 'keep-alive',
463 silly get     'cf-ray': '8a79b7e6c9455a1b-IAD',
463 silly get     'cf-cache-status': 'HIT',
463 silly get     'access-control-allow-origin': '*',
463 silly get     age: '294',
463 silly get     'cache-control': 'public, max-age=300',
463 silly get     etag: '"6f4bc6376a9d6498f3eaa9279cc6b2c2"',
463 silly get     'last-modified': 'Thu, 30 May 2024 15:08:20 GMT',
463 silly get     vary: 'Accept-Encoding',
463 silly get     server: 'cloudflare' } ]
464 verbose etag https://registry.npmjs.org/json-parse-even-better-errors from cache
465 verbose get saving json-parse-even-better-errors to /root/.npm/registry.npmjs.org/json-parse-even-better-errors/.cache.json
466 http 304 https://registry.npmjs.org/chrome-trace-event
467 verbose headers { date: 'Tue, 23 Jul 2024 06:47:18 GMT',
467 verbose headers   connection: 'keep-alive',
467 verbose headers   'cf-ray': '8a79b7e6cae7390c-IAD',
467 verbose headers   'cf-cache-status': 'HIT',
467 verbose headers   'access-control-allow-origin': '*',
467 verbose headers   age: '133',
467 verbose headers   'cache-control': 'public, max-age=300',
467 verbose headers   etag: '"7767ce0a2557f667d5da914caef64c1a"',
467 verbose headers   'last-modified': 'Wed, 29 May 2024 16:40:57 GMT',
467 verbose headers   vary: 'Accept-Encoding',
467 verbose headers   server: 'cloudflare' }
468 silly get cb [ 304,
468 silly get   { date: 'Tue, 23 Jul 2024 06:47:18 GMT',
468 silly get     connection: 'keep-alive',
468 silly get     'cf-ray': '8a79b7e6cae7390c-IAD',
468 silly get     'cf-cache-status': 'HIT',
468 silly get     'access-control-allow-origin': '*',
468 silly get     age: '133',
468 silly get     'cache-control': 'public, max-age=300',
468 silly get     etag: '"7767ce0a2557f667d5da914caef64c1a"',
468 silly get     'last-modified': 'Wed, 29 May 2024 16:40:57 GMT',
468 silly get     vary: 'Accept-Encoding',
468 silly get     server: 'cloudflare' } ]
469 verbose etag https://registry.npmjs.org/chrome-trace-event from cache
470 verbose get saving chrome-trace-event to /root/.npm/registry.npmjs.org/chrome-trace-event/.cache.json
471 http 304 https://registry.npmjs.org/@types%2feslint-scope
472 verbose headers { date: 'Tue, 23 Jul 2024 06:47:18 GMT',
472 verbose headers   connection: 'keep-alive',
472 verbose headers   'cf-ray': '8a79b7e6cd582d0a-IAD',
472 verbose headers   'cf-cache-status': 'HIT',
472 verbose headers   'access-control-allow-origin': '*',
472 verbose headers   age: '180',
472 verbose headers   'cache-control': 'public, max-age=300',
472 verbose headers   etag: '"7d1e76e11b6278f6a6a7bd99b19154d3"',
472 verbose headers   'last-modified': 'Mon, 24 Jun 2024 08:31:29 GMT',
472 verbose headers   vary: 'Accept-Encoding',
472 verbose headers   server: 'cloudflare' }
473 silly get cb [ 304,
473 silly get   { date: 'Tue, 23 Jul 2024 06:47:18 GMT',
473 silly get     connection: 'keep-alive',
473 silly get     'cf-ray': '8a79b7e6cd582d0a-IAD',
473 silly get     'cf-cache-status': 'HIT',
473 silly get     'access-control-allow-origin': '*',
473 silly get     age: '180',
473 silly get     'cache-control': 'public, max-age=300',
473 silly get     etag: '"7d1e76e11b6278f6a6a7bd99b19154d3"',
473 silly get     'last-modified': 'Mon, 24 Jun 2024 08:31:29 GMT',
473 silly get     vary: 'Accept-Encoding',
473 silly get     server: 'cloudflare' } ]
474 verbose etag https://registry.npmjs.org/@types%2feslint-scope from cache
475 verbose get saving @types/eslint-scope to /root/.npm/registry.npmjs.org/_40types_252feslint-scope/.cache.json
476 http 304 https://registry.npmjs.org/@webassemblyjs%2fast
477 verbose headers { date: 'Tue, 23 Jul 2024 06:47:18 GMT',
477 verbose headers   connection: 'keep-alive',
477 verbose headers   'cf-ray': '8a79b7e6caf8080d-IAD',
477 verbose headers   'cf-cache-status': 'HIT',
477 verbose headers   'access-control-allow-origin': '*',
477 verbose headers   age: '158',
477 verbose headers   'cache-control': 'public, max-age=300',
477 verbose headers   etag: '"9faab0b48285a34adda9543ed4194d9c"',
477 verbose headers   'last-modified': 'Wed, 13 Mar 2024 10:19:16 GMT',
477 verbose headers   vary: 'Accept-Encoding',
477 verbose headers   server: 'cloudflare' }
478 silly get cb [ 304,
478 silly get   { date: 'Tue, 23 Jul 2024 06:47:18 GMT',
478 silly get     connection: 'keep-alive',
478 silly get     'cf-ray': '8a79b7e6caf8080d-IAD',
478 silly get     'cf-cache-status': 'HIT',
478 silly get     'access-control-allow-origin': '*',
478 silly get     age: '158',
478 silly get     'cache-control': 'public, max-age=300',
478 silly get     etag: '"9faab0b48285a34adda9543ed4194d9c"',
478 silly get     'last-modified': 'Wed, 13 Mar 2024 10:19:16 GMT',
478 silly get     vary: 'Accept-Encoding',
478 silly get     server: 'cloudflare' } ]
479 verbose etag https://registry.npmjs.org/@webassemblyjs%2fast from cache
480 verbose get saving @webassemblyjs/ast to /root/.npm/registry.npmjs.org/_40webassemblyjs_252fast/.cache.json
481 http 304 https://registry.npmjs.org/@webassemblyjs%2fwasm-parser
482 verbose headers { date: 'Tue, 23 Jul 2024 06:47:18 GMT',
482 verbose headers   connection: 'keep-alive',
482 verbose headers   'cf-ray': '8a79b7e6c9c107fc-IAD',
482 verbose headers   'cf-cache-status': 'HIT',
482 verbose headers   'access-control-allow-origin': '*',
482 verbose headers   age: '36',
482 verbose headers   'cache-control': 'public, max-age=300',
482 verbose headers   etag: '"d722c32a51e64cd2f857e54b2836112d"',
482 verbose headers   'last-modified': 'Wed, 13 Mar 2024 10:19:19 GMT',
482 verbose headers   vary: 'Accept-Encoding',
482 verbose headers   server: 'cloudflare' }
483 silly get cb [ 304,
483 silly get   { date: 'Tue, 23 Jul 2024 06:47:18 GMT',
483 silly get     connection: 'keep-alive',
483 silly get     'cf-ray': '8a79b7e6c9c107fc-IAD',
483 silly get     'cf-cache-status': 'HIT',
483 silly get     'access-control-allow-origin': '*',
483 silly get     age: '36',
483 silly get     'cache-control': 'public, max-age=300',
483 silly get     etag: '"d722c32a51e64cd2f857e54b2836112d"',
483 silly get     'last-modified': 'Wed, 13 Mar 2024 10:19:19 GMT',
483 silly get     vary: 'Accept-Encoding',
483 silly get     server: 'cloudflare' } ]
484 verbose etag https://registry.npmjs.org/@webassemblyjs%2fwasm-parser from cache
485 verbose get saving @webassemblyjs/wasm-parser to /root/.npm/registry.npmjs.org/_40webassemblyjs_252fwasm-parser/.cache.json
486 silly resolveWithNewModule acorn@8.12.1 checking installable status
487 silly cache add args [ 'acorn@^8.7.1', null ]
488 verbose cache add spec acorn@^8.7.1
489 silly cache add parsed spec Result {
489 silly cache add   raw: 'acorn@^8.7.1',
489 silly cache add   scope: null,
489 silly cache add   name: 'acorn',
489 silly cache add   rawSpec: '^8.7.1',
489 silly cache add   spec: '>=8.7.1 <9.0.0',
489 silly cache add   type: 'range' }
490 silly addNamed acorn@>=8.7.1 <9.0.0
491 verbose addNamed ">=8.7.1 <9.0.0" is a valid semver range for acorn
492 silly addNameRange { name: 'acorn', range: '>=8.7.1 <9.0.0', hasData: false }
493 silly mapToRegistry name acorn
494 silly mapToRegistry using default registry
495 silly mapToRegistry registry https://registry.npmjs.org/
496 silly mapToRegistry uri https://registry.npmjs.org/acorn
497 verbose addNameRange registry:https://registry.npmjs.org/acorn not in flight; fetching
498 silly resolveWithNewModule events@3.3.0 checking installable status
499 silly cache add args [ 'events@^3.2.0', null ]
500 verbose cache add spec events@^3.2.0
501 silly cache add parsed spec Result {
501 silly cache add   raw: 'events@^3.2.0',
501 silly cache add   scope: null,
501 silly cache add   name: 'events',
501 silly cache add   rawSpec: '^3.2.0',
501 silly cache add   spec: '>=3.2.0 <4.0.0',
501 silly cache add   type: 'range' }
502 silly addNamed events@>=3.2.0 <4.0.0
503 verbose addNamed ">=3.2.0 <4.0.0" is a valid semver range for events
504 silly addNameRange { name: 'events', range: '>=3.2.0 <4.0.0', hasData: false }
505 silly mapToRegistry name events
506 silly mapToRegistry using default registry
507 silly mapToRegistry registry https://registry.npmjs.org/
508 silly mapToRegistry uri https://registry.npmjs.org/events
509 verbose addNameRange registry:https://registry.npmjs.org/events not in flight; fetching
510 silly resolveWithNewModule watchpack@2.4.1 checking installable status
511 silly cache add args [ 'watchpack@^2.4.1', null ]
512 verbose cache add spec watchpack@^2.4.1
513 silly cache add parsed spec Result {
513 silly cache add   raw: 'watchpack@^2.4.1',
513 silly cache add   scope: null,
513 silly cache add   name: 'watchpack',
513 silly cache add   rawSpec: '^2.4.1',
513 silly cache add   spec: '>=2.4.1 <3.0.0',
513 silly cache add   type: 'range' }
514 silly addNamed watchpack@>=2.4.1 <3.0.0
515 verbose addNamed ">=2.4.1 <3.0.0" is a valid semver range for watchpack
516 silly addNameRange { name: 'watchpack', range: '>=2.4.1 <3.0.0', hasData: false }
517 silly mapToRegistry name watchpack
518 silly mapToRegistry using default registry
519 silly mapToRegistry registry https://registry.npmjs.org/
520 silly mapToRegistry uri https://registry.npmjs.org/watchpack
521 verbose addNameRange registry:https://registry.npmjs.org/watchpack not in flight; fetching
522 silly resolveWithNewModule @webassemblyjs/wasm-edit@1.12.1 checking installable status
523 silly cache add args [ '@webassemblyjs/wasm-edit@^1.12.1', null ]
524 verbose cache add spec @webassemblyjs/wasm-edit@^1.12.1
525 silly cache add parsed spec Result {
525 silly cache add   raw: '@webassemblyjs/wasm-edit@^1.12.1',
525 silly cache add   scope: '@webassemblyjs',
525 silly cache add   name: '@webassemblyjs/wasm-edit',
525 silly cache add   rawSpec: '^1.12.1',
525 silly cache add   spec: '>=1.12.1 <2.0.0',
525 silly cache add   type: 'range' }
526 silly addNamed @webassemblyjs/wasm-edit@>=1.12.1 <2.0.0
527 verbose addNamed ">=1.12.1 <2.0.0" is a valid semver range for @webassemblyjs/wasm-edit
528 silly addNameRange { name: '@webassemblyjs/wasm-edit',
528 silly addNameRange   range: '>=1.12.1 <2.0.0',
528 silly addNameRange   hasData: false }
529 silly mapToRegistry name @webassemblyjs/wasm-edit
530 silly mapToRegistry scope (from package name) @webassemblyjs
531 verbose mapToRegistry no registry URL found in name for scope @webassemblyjs
532 silly mapToRegistry using default registry
533 silly mapToRegistry registry https://registry.npmjs.org/
534 silly mapToRegistry uri https://registry.npmjs.org/@webassemblyjs%2fwasm-edit
535 verbose addNameRange registry:https://registry.npmjs.org/@webassemblyjs%2fwasm-edit not in flight; fetching
536 silly resolveWithNewModule tapable@2.2.1 checking installable status
537 silly cache add args [ 'tapable@^2.1.1', null ]
538 verbose cache add spec tapable@^2.1.1
539 silly cache add parsed spec Result {
539 silly cache add   raw: 'tapable@^2.1.1',
539 silly cache add   scope: null,
539 silly cache add   name: 'tapable',
539 silly cache add   rawSpec: '^2.1.1',
539 silly cache add   spec: '>=2.1.1 <3.0.0',
539 silly cache add   type: 'range' }
540 silly addNamed tapable@>=2.1.1 <3.0.0
541 verbose addNamed ">=2.1.1 <3.0.0" is a valid semver range for tapable
542 silly addNameRange { name: 'tapable', range: '>=2.1.1 <3.0.0', hasData: false }
543 silly mapToRegistry name tapable
544 silly mapToRegistry using default registry
545 silly mapToRegistry registry https://registry.npmjs.org/
546 silly mapToRegistry uri https://registry.npmjs.org/tapable
547 verbose addNameRange registry:https://registry.npmjs.org/tapable not in flight; fetching
548 silly resolveWithNewModule mime-types@2.1.35 checking installable status
549 silly cache add args [ 'mime-types@^2.1.27', null ]
550 verbose cache add spec mime-types@^2.1.27
551 silly cache add parsed spec Result {
551 silly cache add   raw: 'mime-types@^2.1.27',
551 silly cache add   scope: null,
551 silly cache add   name: 'mime-types',
551 silly cache add   rawSpec: '^2.1.27',
551 silly cache add   spec: '>=2.1.27 <3.0.0',
551 silly cache add   type: 'range' }
552 silly addNamed mime-types@>=2.1.27 <3.0.0
553 verbose addNamed ">=2.1.27 <3.0.0" is a valid semver range for mime-types
554 silly addNameRange { name: 'mime-types', range: '>=2.1.27 <3.0.0', hasData: false }
555 silly mapToRegistry name mime-types
556 silly mapToRegistry using default registry
557 silly mapToRegistry registry https://registry.npmjs.org/
558 silly mapToRegistry uri https://registry.npmjs.org/mime-types
559 verbose addNameRange registry:https://registry.npmjs.org/mime-types not in flight; fetching
560 silly resolveWithNewModule loader-runner@4.3.0 checking installable status
561 silly cache add args [ 'loader-runner@^4.2.0', null ]
562 verbose cache add spec loader-runner@^4.2.0
563 silly cache add parsed spec Result {
563 silly cache add   raw: 'loader-runner@^4.2.0',
563 silly cache add   scope: null,
563 silly cache add   name: 'loader-runner',
563 silly cache add   rawSpec: '^4.2.0',
563 silly cache add   spec: '>=4.2.0 <5.0.0',
563 silly cache add   type: 'range' }
564 silly addNamed loader-runner@>=4.2.0 <5.0.0
565 verbose addNamed ">=4.2.0 <5.0.0" is a valid semver range for loader-runner
566 silly addNameRange { name: 'loader-runner',
566 silly addNameRange   range: '>=4.2.0 <5.0.0',
566 silly addNameRange   hasData: false }
567 silly mapToRegistry name loader-runner
568 silly mapToRegistry using default registry
569 silly mapToRegistry registry https://registry.npmjs.org/
570 silly mapToRegistry uri https://registry.npmjs.org/loader-runner
571 verbose addNameRange registry:https://registry.npmjs.org/loader-runner not in flight; fetching
572 silly resolveWithNewModule glob-to-regexp@0.4.1 checking installable status
573 silly cache add args [ 'glob-to-regexp@^0.4.1', null ]
574 verbose cache add spec glob-to-regexp@^0.4.1
575 silly cache add parsed spec Result {
575 silly cache add   raw: 'glob-to-regexp@^0.4.1',
575 silly cache add   scope: null,
575 silly cache add   name: 'glob-to-regexp',
575 silly cache add   rawSpec: '^0.4.1',
575 silly cache add   spec: '>=0.4.1 <0.5.0',
575 silly cache add   type: 'range' }
576 silly addNamed glob-to-regexp@>=0.4.1 <0.5.0
577 verbose addNamed ">=0.4.1 <0.5.0" is a valid semver range for glob-to-regexp
578 silly addNameRange { name: 'glob-to-regexp',
578 silly addNameRange   range: '>=0.4.1 <0.5.0',
578 silly addNameRange   hasData: false }
579 silly mapToRegistry name glob-to-regexp
580 silly mapToRegistry using default registry
581 silly mapToRegistry registry https://registry.npmjs.org/
582 silly mapToRegistry uri https://registry.npmjs.org/glob-to-regexp
583 verbose addNameRange registry:https://registry.npmjs.org/glob-to-regexp not in flight; fetching
584 silly resolveWithNewModule browserslist@4.23.2 checking installable status
585 silly cache add args [ 'browserslist@^4.21.10', null ]
586 verbose cache add spec browserslist@^4.21.10
587 silly cache add parsed spec Result {
587 silly cache add   raw: 'browserslist@^4.21.10',
587 silly cache add   scope: null,
587 silly cache add   name: 'browserslist',
587 silly cache add   rawSpec: '^4.21.10',
587 silly cache add   spec: '>=4.21.10 <5.0.0',
587 silly cache add   type: 'range' }
588 silly addNamed browserslist@>=4.21.10 <5.0.0
589 verbose addNamed ">=4.21.10 <5.0.0" is a valid semver range for browserslist
590 silly addNameRange { name: 'browserslist',
590 silly addNameRange   range: '>=4.21.10 <5.0.0',
590 silly addNameRange   hasData: false }
591 silly mapToRegistry name browserslist
592 silly mapToRegistry using default registry
593 silly mapToRegistry registry https://registry.npmjs.org/
594 silly mapToRegistry uri https://registry.npmjs.org/browserslist
595 verbose addNameRange registry:https://registry.npmjs.org/browserslist not in flight; fetching
596 silly resolveWithNewModule enhanced-resolve@5.17.0 checking installable status
597 silly cache add args [ 'enhanced-resolve@^5.17.0', null ]
598 verbose cache add spec enhanced-resolve@^5.17.0
599 silly cache add parsed spec Result {
599 silly cache add   raw: 'enhanced-resolve@^5.17.0',
599 silly cache add   scope: null,
599 silly cache add   name: 'enhanced-resolve',
599 silly cache add   rawSpec: '^5.17.0',
599 silly cache add   spec: '>=5.17.0 <6.0.0',
599 silly cache add   type: 'range' }
600 silly addNamed enhanced-resolve@>=5.17.0 <6.0.0
601 verbose addNamed ">=5.17.0 <6.0.0" is a valid semver range for enhanced-resolve
602 silly addNameRange { name: 'enhanced-resolve',
602 silly addNameRange   range: '>=5.17.0 <6.0.0',
602 silly addNameRange   hasData: false }
603 silly mapToRegistry name enhanced-resolve
604 silly mapToRegistry using default registry
605 silly mapToRegistry registry https://registry.npmjs.org/
606 silly mapToRegistry uri https://registry.npmjs.org/enhanced-resolve
607 verbose addNameRange registry:https://registry.npmjs.org/enhanced-resolve not in flight; fetching
608 silly resolveWithNewModule graceful-fs@4.2.11 checking installable status
609 silly cache add args [ 'graceful-fs@^4.2.11', null ]
610 verbose cache add spec graceful-fs@^4.2.11
611 silly cache add parsed spec Result {
611 silly cache add   raw: 'graceful-fs@^4.2.11',
611 silly cache add   scope: null,
611 silly cache add   name: 'graceful-fs',
611 silly cache add   rawSpec: '^4.2.11',
611 silly cache add   spec: '>=4.2.11 <5.0.0',
611 silly cache add   type: 'range' }
612 silly addNamed graceful-fs@>=4.2.11 <5.0.0
613 verbose addNamed ">=4.2.11 <5.0.0" is a valid semver range for graceful-fs
614 silly addNameRange { name: 'graceful-fs', range: '>=4.2.11 <5.0.0', hasData: false }
615 silly mapToRegistry name graceful-fs
616 silly mapToRegistry using default registry
617 silly mapToRegistry registry https://registry.npmjs.org/
618 silly mapToRegistry uri https://registry.npmjs.org/graceful-fs
619 verbose addNameRange registry:https://registry.npmjs.org/graceful-fs not in flight; fetching
620 silly resolveWithNewModule schema-utils@3.3.0 checking installable status
621 silly cache add args [ 'schema-utils@^3.2.0', null ]
622 verbose cache add spec schema-utils@^3.2.0
623 silly cache add parsed spec Result {
623 silly cache add   raw: 'schema-utils@^3.2.0',
623 silly cache add   scope: null,
623 silly cache add   name: 'schema-utils',
623 silly cache add   rawSpec: '^3.2.0',
623 silly cache add   spec: '>=3.2.0 <4.0.0',
623 silly cache add   type: 'range' }
624 silly addNamed schema-utils@>=3.2.0 <4.0.0
625 verbose addNamed ">=3.2.0 <4.0.0" is a valid semver range for schema-utils
626 silly addNameRange { name: 'schema-utils', range: '>=3.2.0 <4.0.0', hasData: false }
627 silly mapToRegistry name schema-utils
628 silly mapToRegistry using default registry
629 silly mapToRegistry registry https://registry.npmjs.org/
630 silly mapToRegistry uri https://registry.npmjs.org/schema-utils
631 verbose addNameRange registry:https://registry.npmjs.org/schema-utils not in flight; fetching
632 silly resolveWithNewModule neo-async@2.6.2 checking installable status
633 silly cache add args [ 'neo-async@^2.6.2', null ]
634 verbose cache add spec neo-async@^2.6.2
635 silly cache add parsed spec Result {
635 silly cache add   raw: 'neo-async@^2.6.2',
635 silly cache add   scope: null,
635 silly cache add   name: 'neo-async',
635 silly cache add   rawSpec: '^2.6.2',
635 silly cache add   spec: '>=2.6.2 <3.0.0',
635 silly cache add   type: 'range' }
636 silly addNamed neo-async@>=2.6.2 <3.0.0
637 verbose addNamed ">=2.6.2 <3.0.0" is a valid semver range for neo-async
638 silly addNameRange { name: 'neo-async', range: '>=2.6.2 <3.0.0', hasData: false }
639 silly mapToRegistry name neo-async
640 silly mapToRegistry using default registry
641 silly mapToRegistry registry https://registry.npmjs.org/
642 silly mapToRegistry uri https://registry.npmjs.org/neo-async
643 verbose addNameRange registry:https://registry.npmjs.org/neo-async not in flight; fetching
644 silly resolveWithNewModule @types/estree@1.0.5 checking installable status
645 silly cache add args [ '@types/estree@^1.0.5', null ]
646 verbose cache add spec @types/estree@^1.0.5
647 silly cache add parsed spec Result {
647 silly cache add   raw: '@types/estree@^1.0.5',
647 silly cache add   scope: '@types',
647 silly cache add   name: '@types/estree',
647 silly cache add   rawSpec: '^1.0.5',
647 silly cache add   spec: '>=1.0.5 <2.0.0',
647 silly cache add   type: 'range' }
648 silly addNamed @types/estree@>=1.0.5 <2.0.0
649 verbose addNamed ">=1.0.5 <2.0.0" is a valid semver range for @types/estree
650 silly addNameRange { name: '@types/estree',
650 silly addNameRange   range: '>=1.0.5 <2.0.0',
650 silly addNameRange   hasData: false }
651 silly mapToRegistry name @types/estree
652 silly mapToRegistry scope (from package name) @types
653 verbose mapToRegistry no registry URL found in name for scope @types
654 silly mapToRegistry using default registry
655 silly mapToRegistry registry https://registry.npmjs.org/
656 silly mapToRegistry uri https://registry.npmjs.org/@types%2festree
657 verbose addNameRange registry:https://registry.npmjs.org/@types%2festree not in flight; fetching
658 silly resolveWithNewModule eslint-scope@5.1.1 checking installable status
659 silly cache add args [ 'eslint-scope@5.1.1', null ]
660 verbose cache add spec eslint-scope@5.1.1
661 silly cache add parsed spec Result {
661 silly cache add   raw: 'eslint-scope@5.1.1',
661 silly cache add   scope: null,
661 silly cache add   name: 'eslint-scope',
661 silly cache add   rawSpec: '5.1.1',
661 silly cache add   spec: '5.1.1',
661 silly cache add   type: 'version' }
662 silly addNamed eslint-scope@5.1.1
663 verbose addNamed "5.1.1" is a plain semver version for eslint-scope
664 silly mapToRegistry name eslint-scope
665 silly mapToRegistry using default registry
666 silly mapToRegistry registry https://registry.npmjs.org/
667 silly mapToRegistry uri https://registry.npmjs.org/eslint-scope
668 verbose addNameVersion registry:https://registry.npmjs.org/eslint-scope not in flight; fetching
669 verbose stack Error: Missing required argument #1
669 verbose stack     at andLogAndFinish (/usr/share/npm/lib/fetch-package-metadata.js:31:3)
669 verbose stack     at fetchPackageMetadata (/usr/share/npm/lib/fetch-package-metadata.js:51:22)
669 verbose stack     at resolveWithNewModule (/usr/share/npm/lib/install/deps.js:456:12)
669 verbose stack     at /usr/share/npm/lib/install/deps.js:457:7
669 verbose stack     at /usr/share/npm/node_modules/iferr/index.js:13:50
669 verbose stack     at /usr/share/npm/lib/fetch-package-metadata.js:37:12
669 verbose stack     at addRequestedAndFinish (/usr/share/npm/lib/fetch-package-metadata.js:82:5)
669 verbose stack     at returnAndAddMetadata (/usr/share/npm/lib/fetch-package-metadata.js:117:7)
669 verbose stack     at pickVersionFromRegistryDocument (/usr/share/npm/lib/fetch-package-metadata.js:134:20)
669 verbose stack     at /usr/share/npm/node_modules/iferr/index.js:13:50
670 verbose cwd /alx-react/0x00-Webpack/task_0
671 error Linux 5.4.0-1103-aws
672 error argv "/usr/bin/node" "/usr/bin/npm" "install" "--save-dev" "webpack" "webpack-cli"
673 error node v8.10.0
674 error npm  v3.5.2
675 error code EMISSINGARG
676 error typeerror Error: Missing required argument #1
676 error typeerror     at andLogAndFinish (/usr/share/npm/lib/fetch-package-metadata.js:31:3)
676 error typeerror     at fetchPackageMetadata (/usr/share/npm/lib/fetch-package-metadata.js:51:22)
676 error typeerror     at resolveWithNewModule (/usr/share/npm/lib/install/deps.js:456:12)
676 error typeerror     at /usr/share/npm/lib/install/deps.js:457:7
676 error typeerror     at /usr/share/npm/node_modules/iferr/index.js:13:50
676 error typeerror     at /usr/share/npm/lib/fetch-package-metadata.js:37:12
676 error typeerror     at addRequestedAndFinish (/usr/share/npm/lib/fetch-package-metadata.js:82:5)
676 error typeerror     at returnAndAddMetadata (/usr/share/npm/lib/fetch-package-metadata.js:117:7)
676 error typeerror     at pickVersionFromRegistryDocument (/usr/share/npm/lib/fetch-package-metadata.js:134:20)
676 error typeerror     at /usr/share/npm/node_modules/iferr/index.js:13:50
677 error typeerror This is an error with npm itself. Please report this error at:
677 error typeerror     <http://github.com/npm/npm/issues>
678 verbose exit [ 1, true ]
